<?xml version="1.0" encoding="UTF-8"?>
<!-- Generated by org.testng.reporters.JUnitXMLReporter -->
<testsuite ignored="0" hostname="LAPTOP-URC0MPI4" failures="0" tests="3" name="test3" time="81.952" errors="0" timestamp="2023-09-05T19:51:18 IST">
  <testcase classname="demo.Amazon2" name="testUsingExcelData" time="28.159"/>
  <testcase classname="demo.Amazon2" name="testUsingExcelData" time="24.87"/>
  <testcase classname="demo.Amazon2" name="testUsingExcelData" time="27.278"/>
</testsuite> <!-- test3 -->
