<?xml version="1.0" encoding="UTF-8"?>
<testng-results ignored="0" total="7" passed="7" failed="0" skipped="0">
  <reporter-output>
  </reporter-output>
  <suite started-at="2023-09-05T19:48:50 IST" name="Suite" finished-at="2023-09-05T19:51:25 IST" duration-ms="154258">
    <groups>
    </groups>
    <test started-at="2023-09-05T19:48:50 IST" name="test1" finished-at="2023-09-05T19:49:49 IST" duration-ms="58774">
      <class name="demo.Amazon">
        <test-method signature="testUsingJsonData(java.util.HashMap)[pri:0, instance:demo.Amazon@7dfd3c81]" started-at="2023-09-05T19:48:51 IST" name="testUsingJsonData" data-provider="getValues" finished-at="2023-09-05T19:49:22 IST" duration-ms="31696" status="PASS">
          <params>
            <param index="0">
              <value>
                <![CDATA[{password=Shravank, searchText=earphones, brandName=OnePlus Bullets Z2 Bluetooth Wireless, email=bshravankumar234@gmail.com}]]>
              </value>
            </param>
          </params>
          <reporter-output>
          </reporter-output>
        </test-method> <!-- testUsingJsonData -->
        <test-method is-config="true" signature="tearDown()[pri:0, instance:demo.Amazon@7dfd3c81]" started-at="2023-09-05T19:49:22 IST" name="tearDown" finished-at="2023-09-05T19:49:23 IST" duration-ms="326" status="PASS">
          <reporter-output>
          </reporter-output>
        </test-method> <!-- tearDown -->
        <test-method signature="testUsingJsonData(java.util.HashMap)[pri:0, instance:demo.Amazon@7dfd3c81]" started-at="2023-09-05T19:49:23 IST" name="testUsingJsonData" data-provider="getValues" finished-at="2023-09-05T19:49:49 IST" duration-ms="26113" status="PASS">
          <params>
            <param index="0">
              <value>
                <![CDATA[{password=Shravank, searchText=mobiles, brandName=Redmi 11 Prime, email=bshravankumar234@gmail.com}]]>
              </value>
            </param>
          </params>
          <reporter-output>
          </reporter-output>
        </test-method> <!-- testUsingJsonData -->
        <test-method is-config="true" signature="tearDown()[pri:0, instance:demo.Amazon@7dfd3c81]" started-at="2023-09-05T19:49:49 IST" name="tearDown" finished-at="2023-09-05T19:49:49 IST" duration-ms="325" status="PASS">
          <reporter-output>
          </reporter-output>
        </test-method> <!-- tearDown -->
      </class> <!-- demo.Amazon -->
    </test> <!-- test1 -->
    <test started-at="2023-09-05T19:49:50 IST" name="test2" finished-at="2023-09-05T19:49:56 IST" duration-ms="6189">
      <class name="demo.ErrorValidation">
        <test-method signature="searchingWithInvalidText()[pri:0, instance:demo.ErrorValidation@45efd90f]" started-at="2023-09-05T19:49:50 IST" name="searchingWithInvalidText" finished-at="2023-09-05T19:49:55 IST" duration-ms="5931" status="PASS">
          <reporter-output>
          </reporter-output>
        </test-method> <!-- searchingWithInvalidText -->
        <test-method is-config="true" signature="tearDown()[pri:0, instance:demo.ErrorValidation@45efd90f]" started-at="2023-09-05T19:49:55 IST" name="tearDown" finished-at="2023-09-05T19:49:56 IST" duration-ms="254" status="PASS">
          <reporter-output>
          </reporter-output>
        </test-method> <!-- tearDown -->
      </class> <!-- demo.ErrorValidation -->
    </test> <!-- test2 -->
    <test started-at="2023-09-05T19:49:56 IST" name="test3" finished-at="2023-09-05T19:51:18 IST" duration-ms="81952">
      <class name="demo.Amazon2">
        <test-method signature="testUsingExcelData(java.lang.String,java.lang.String,java.lang.String,java.lang.String)[pri:0, instance:demo.Amazon2@74287ea3]" started-at="2023-09-05T19:49:57 IST" name="testUsingExcelData" data-provider="getData" finished-at="2023-09-05T19:50:25 IST" duration-ms="28159" status="PASS">
          <params>
            <param index="0">
              <value>
                <![CDATA[bshravankumar234@gmail.com]]>
              </value>
            </param>
            <param index="1">
              <value>
                <![CDATA[Shravank]]>
              </value>
            </param>
            <param index="2">
              <value>
                <![CDATA[mobiles]]>
              </value>
            </param>
            <param index="3">
              <value>
                <![CDATA[OnePlus Nord CE 3 Lite 5G]]>
              </value>
            </param>
          </params>
          <reporter-output>
          </reporter-output>
        </test-method> <!-- testUsingExcelData -->
        <test-method is-config="true" signature="tearDown()[pri:0, instance:demo.Amazon2@74287ea3]" started-at="2023-09-05T19:50:25 IST" name="tearDown" finished-at="2023-09-05T19:50:25 IST" duration-ms="296" status="PASS">
          <reporter-output>
          </reporter-output>
        </test-method> <!-- tearDown -->
        <test-method signature="testUsingExcelData(java.lang.String,java.lang.String,java.lang.String,java.lang.String)[pri:0, instance:demo.Amazon2@74287ea3]" started-at="2023-09-05T19:50:25 IST" name="testUsingExcelData" data-provider="getData" finished-at="2023-09-05T19:50:50 IST" duration-ms="24870" status="PASS">
          <params>
            <param index="0">
              <value>
                <![CDATA[bshravankumar234@gmail.com]]>
              </value>
            </param>
            <param index="1">
              <value>
                <![CDATA[Shravank]]>
              </value>
            </param>
            <param index="2">
              <value>
                <![CDATA[earphones]]>
              </value>
            </param>
            <param index="3">
              <value>
                <![CDATA[OnePlus Bullets Z2 Bluetooth Wireless]]>
              </value>
            </param>
          </params>
          <reporter-output>
          </reporter-output>
        </test-method> <!-- testUsingExcelData -->
        <test-method is-config="true" signature="tearDown()[pri:0, instance:demo.Amazon2@74287ea3]" started-at="2023-09-05T19:50:50 IST" name="tearDown" finished-at="2023-09-05T19:50:50 IST" duration-ms="302" status="PASS">
          <reporter-output>
          </reporter-output>
        </test-method> <!-- tearDown -->
        <test-method signature="testUsingExcelData(java.lang.String,java.lang.String,java.lang.String,java.lang.String)[pri:0, instance:demo.Amazon2@74287ea3]" started-at="2023-09-05T19:50:50 IST" name="testUsingExcelData" data-provider="getData" finished-at="2023-09-05T19:51:17 IST" duration-ms="27278" status="PASS">
          <params>
            <param index="0">
              <value>
                <![CDATA[bshravankumar234@gmail.com]]>
              </value>
            </param>
            <param index="1">
              <value>
                <![CDATA[Shravank]]>
              </value>
            </param>
            <param index="2">
              <value>
                <![CDATA[laptop]]>
              </value>
            </param>
            <param index="3">
              <value>
                <![CDATA[HP Laptop 15s]]>
              </value>
            </param>
          </params>
          <reporter-output>
          </reporter-output>
        </test-method> <!-- testUsingExcelData -->
        <test-method is-config="true" signature="tearDown()[pri:0, instance:demo.Amazon2@74287ea3]" started-at="2023-09-05T19:51:17 IST" name="tearDown" finished-at="2023-09-05T19:51:18 IST" duration-ms="255" status="PASS">
          <reporter-output>
          </reporter-output>
        </test-method> <!-- tearDown -->
      </class> <!-- demo.Amazon2 -->
    </test> <!-- test3 -->
    <test started-at="2023-09-05T19:51:18 IST" name="test4" finished-at="2023-09-05T19:51:25 IST" duration-ms="6854">
      <class name="demo.SortingFeature">
        <test-method signature="sorts()[pri:0, instance:demo.SortingFeature@41488b16]" started-at="2023-09-05T19:51:18 IST" name="sorts" finished-at="2023-09-05T19:51:24 IST" duration-ms="6545" status="PASS">
          <reporter-output>
          </reporter-output>
        </test-method> <!-- sorts -->
        <test-method is-config="true" signature="tearDown()[pri:0, instance:demo.SortingFeature@41488b16]" started-at="2023-09-05T19:51:24 IST" name="tearDown" finished-at="2023-09-05T19:51:25 IST" duration-ms="306" status="PASS">
          <reporter-output>
          </reporter-output>
        </test-method> <!-- tearDown -->
      </class> <!-- demo.SortingFeature -->
    </test> <!-- test4 -->
  </suite> <!-- Suite -->
</testng-results>
